{
  "stats": {
    "suites": 2,
    "tests": 3,
    "passes": 3,
    "pending": 0,
    "failures": 0,
    "start": "2017-12-31T15:28:50.361Z",
    "end": "2017-12-31T15:28:50.380Z",
    "duration": 19,
    "testsRegistered": 3,
    "passPercent": 100,
    "pendingPercent": 0,
    "other": 0,
    "hasOther": false,
    "skipped": 0,
    "hasSkipped": false,
    "passPercentClass": "success",
    "pendingPercentClass": "danger"
  },
  "suites": {
    "title": "",
    "suites": [
      {
        "title": "Calc test suite",
        "suites": [],
        "tests": [
          {
            "title": "Can add",
            "fullTitle": "Calc test suite Can add",
            "timedOut": false,
            "duration": 1,
            "state": "passed",
            "speed": "fast",
            "pass": true,
            "fail": false,
            "pending": false,
            "code": "var result = calc.add(5, 5);\nresult.should.equals(10, \"Should return: 10, but returned: \" + result);",
            "err": {},
            "isRoot": false,
            "uuid": "3d7bb2b8-86c0-459c-88af-580efdede495",
            "parentUUID": "94203a01-511d-48af-965d-6bf68aa08ce0",
            "isHook": false,
            "skipped": false
          },
          {
            "title": "Can subtract",
            "fullTitle": "Calc test suite Can subtract",
            "timedOut": false,
            "duration": 0,
            "state": "passed",
            "speed": "fast",
            "pass": true,
            "fail": false,
            "pending": false,
            "code": "var result = calc.subtract(20, 10);\nresult.should.equals(10, \"Should return: 10, but returned: \" + result);",
            "err": {},
            "isRoot": false,
            "uuid": "14fc1682-e84a-422b-a9b3-e6fb366f500e",
            "parentUUID": "94203a01-511d-48af-965d-6bf68aa08ce0",
            "isHook": false,
            "skipped": false
          }
        ],
        "pending": [],
        "root": false,
        "_timeout": 2000,
        "file": "\\lib\\test\\Calc.test.js",
        "uuid": "94203a01-511d-48af-965d-6bf68aa08ce0",
        "beforeHooks": [],
        "afterHooks": [],
        "fullFile": "c:\\Git\\my\\MochaTypescriptTest-101\\lib\\test\\Calc.test.js",
        "passes": [
          {
            "title": "Can add",
            "fullTitle": "Calc test suite Can add",
            "timedOut": false,
            "duration": 1,
            "state": "passed",
            "speed": "fast",
            "pass": true,
            "fail": false,
            "pending": false,
            "code": "var result = calc.add(5, 5);\nresult.should.equals(10, \"Should return: 10, but returned: \" + result);",
            "err": {},
            "isRoot": false,
            "uuid": "3d7bb2b8-86c0-459c-88af-580efdede495",
            "parentUUID": "94203a01-511d-48af-965d-6bf68aa08ce0",
            "isHook": false,
            "skipped": false
          },
          {
            "title": "Can subtract",
            "fullTitle": "Calc test suite Can subtract",
            "timedOut": false,
            "duration": 0,
            "state": "passed",
            "speed": "fast",
            "pass": true,
            "fail": false,
            "pending": false,
            "code": "var result = calc.subtract(20, 10);\nresult.should.equals(10, \"Should return: 10, but returned: \" + result);",
            "err": {},
            "isRoot": false,
            "uuid": "14fc1682-e84a-422b-a9b3-e6fb366f500e",
            "parentUUID": "94203a01-511d-48af-965d-6bf68aa08ce0",
            "isHook": false,
            "skipped": false
          }
        ],
        "failures": [],
        "skipped": [],
        "hasBeforeHooks": false,
        "hasAfterHooks": false,
        "hasTests": true,
        "hasSuites": false,
        "totalTests": 2,
        "totalPasses": 2,
        "totalFailures": 0,
        "totalPending": 0,
        "totalSkipped": 0,
        "hasPasses": true,
        "hasFailures": false,
        "hasPending": false,
        "hasSkipped": false,
        "duration": 1,
        "rootEmpty": false
      },
      {
        "title": "Hello World test suite",
        "suites": [],
        "tests": [
          {
            "title": "Can say Hello World",
            "fullTitle": "Hello World test suite Can say Hello World",
            "timedOut": false,
            "duration": 0,
            "state": "passed",
            "speed": "fast",
            "pass": true,
            "fail": false,
            "pending": false,
            "code": "var result = new HelloWorld_1.HelloWorld().helloWorld();\nresult.should.equals('Hello World', \"Should return: Hello World, but returned: \" + result);",
            "err": {},
            "isRoot": false,
            "uuid": "6ab0938d-0ae5-4711-adca-7438a3c6dc55",
            "parentUUID": "681a44ba-2474-4465-8192-6764cda56235",
            "isHook": false,
            "skipped": false
          }
        ],
        "pending": [],
        "root": false,
        "_timeout": 2000,
        "file": "\\lib\\test\\HelloWorld.test.js",
        "uuid": "681a44ba-2474-4465-8192-6764cda56235",
        "beforeHooks": [],
        "afterHooks": [],
        "fullFile": "c:\\Git\\my\\MochaTypescriptTest-101\\lib\\test\\HelloWorld.test.js",
        "passes": [
          {
            "title": "Can say Hello World",
            "fullTitle": "Hello World test suite Can say Hello World",
            "timedOut": false,
            "duration": 0,
            "state": "passed",
            "speed": "fast",
            "pass": true,
            "fail": false,
            "pending": false,
            "code": "var result = new HelloWorld_1.HelloWorld().helloWorld();\nresult.should.equals('Hello World', \"Should return: Hello World, but returned: \" + result);",
            "err": {},
            "isRoot": false,
            "uuid": "6ab0938d-0ae5-4711-adca-7438a3c6dc55",
            "parentUUID": "681a44ba-2474-4465-8192-6764cda56235",
            "isHook": false,
            "skipped": false
          }
        ],
        "failures": [],
        "skipped": [],
        "hasBeforeHooks": false,
        "hasAfterHooks": false,
        "hasTests": true,
        "hasSuites": false,
        "totalTests": 1,
        "totalPasses": 1,
        "totalFailures": 0,
        "totalPending": 0,
        "totalSkipped": 0,
        "hasPasses": true,
        "hasFailures": false,
        "hasPending": false,
        "hasSkipped": false,
        "duration": 0,
        "rootEmpty": false
      }
    ],
    "tests": [],
    "pending": [],
    "root": true,
    "_timeout": 2000,
    "uuid": "f6a70b75-d7d4-4afc-900c-2531e49196d5",
    "beforeHooks": [],
    "afterHooks": [],
    "fullFile": "",
    "file": "",
    "passes": [],
    "failures": [],
    "skipped": [],
    "hasBeforeHooks": false,
    "hasAfterHooks": false,
    "hasTests": false,
    "hasSuites": true,
    "totalTests": 0,
    "totalPasses": 0,
    "totalFailures": 0,
    "totalPending": 0,
    "totalSkipped": 0,
    "hasPasses": false,
    "hasFailures": false,
    "hasPending": false,
    "hasSkipped": false,
    "duration": 0,
    "rootEmpty": true
  },
  "allTests": [
    {
      "title": "Can add",
      "fullTitle": "Calc test suite Can add",
      "timedOut": false,
      "duration": 1,
      "state": "passed",
      "speed": "fast",
      "pass": true,
      "fail": false,
      "pending": false,
      "code": "var result = calc.add(5, 5);\nresult.should.equals(10, \"Should return: 10, but returned: \" + result);",
      "err": {},
      "isRoot": false,
      "uuid": "3d7bb2b8-86c0-459c-88af-580efdede495",
      "parentUUID": "94203a01-511d-48af-965d-6bf68aa08ce0",
      "isHook": false,
      "skipped": false
    },
    {
      "title": "Can subtract",
      "fullTitle": "Calc test suite Can subtract",
      "timedOut": false,
      "duration": 0,
      "state": "passed",
      "speed": "fast",
      "pass": true,
      "fail": false,
      "pending": false,
      "code": "var result = calc.subtract(20, 10);\nresult.should.equals(10, \"Should return: 10, but returned: \" + result);",
      "err": {},
      "isRoot": false,
      "uuid": "14fc1682-e84a-422b-a9b3-e6fb366f500e",
      "parentUUID": "94203a01-511d-48af-965d-6bf68aa08ce0",
      "isHook": false,
      "skipped": false
    },
    {
      "title": "Can say Hello World",
      "fullTitle": "Hello World test suite Can say Hello World",
      "timedOut": false,
      "duration": 0,
      "state": "passed",
      "speed": "fast",
      "pass": true,
      "fail": false,
      "pending": false,
      "code": "var result = new HelloWorld_1.HelloWorld().helloWorld();\nresult.should.equals('Hello World', \"Should return: Hello World, but returned: \" + result);",
      "err": {},
      "isRoot": false,
      "uuid": "6ab0938d-0ae5-4711-adca-7438a3c6dc55",
      "parentUUID": "681a44ba-2474-4465-8192-6764cda56235",
      "isHook": false,
      "skipped": false
    }
  ],
  "allPending": [],
  "allPasses": [
    {
      "title": "Can add",
      "fullTitle": "Calc test suite Can add",
      "timedOut": false,
      "duration": 1,
      "state": "passed",
      "speed": "fast",
      "pass": true,
      "fail": false,
      "pending": false,
      "code": "var result = calc.add(5, 5);\nresult.should.equals(10, \"Should return: 10, but returned: \" + result);",
      "err": {},
      "isRoot": false,
      "uuid": "3d7bb2b8-86c0-459c-88af-580efdede495",
      "parentUUID": "94203a01-511d-48af-965d-6bf68aa08ce0",
      "isHook": false,
      "skipped": false
    },
    {
      "title": "Can subtract",
      "fullTitle": "Calc test suite Can subtract",
      "timedOut": false,
      "duration": 0,
      "state": "passed",
      "speed": "fast",
      "pass": true,
      "fail": false,
      "pending": false,
      "code": "var result = calc.subtract(20, 10);\nresult.should.equals(10, \"Should return: 10, but returned: \" + result);",
      "err": {},
      "isRoot": false,
      "uuid": "14fc1682-e84a-422b-a9b3-e6fb366f500e",
      "parentUUID": "94203a01-511d-48af-965d-6bf68aa08ce0",
      "isHook": false,
      "skipped": false
    },
    {
      "title": "Can say Hello World",
      "fullTitle": "Hello World test suite Can say Hello World",
      "timedOut": false,
      "duration": 0,
      "state": "passed",
      "speed": "fast",
      "pass": true,
      "fail": false,
      "pending": false,
      "code": "var result = new HelloWorld_1.HelloWorld().helloWorld();\nresult.should.equals('Hello World', \"Should return: Hello World, but returned: \" + result);",
      "err": {},
      "isRoot": false,
      "uuid": "6ab0938d-0ae5-4711-adca-7438a3c6dc55",
      "parentUUID": "681a44ba-2474-4465-8192-6764cda56235",
      "isHook": false,
      "skipped": false
    }
  ],
  "allFailures": [],
  "copyrightYear": 2017
}